Arguments: 
  /Users/oceanlvr/.nvm/versions/node/v14.18.1/bin/node /usr/local/Cellar/yarn/1.22.10/libexec/bin/yarn.js init

PATH: 
  /usr/local/opt/mysql-client/bin:/Users/oceanlvr/opt/anaconda3/bin:/Users/oceanlvr/opt/anaconda3/condabin:/Users/oceanlvr/.nvm/versions/node/v14.18.1/bin:/usr/local/opt/ruby/bin:/usr/local/lib/ruby/gems/3.0.0/bin:/Users/oceanlvr/FFmpeg:/opt/local/bin:/opt/local/sbin:/Library/Frameworks/Python.framework/Versions/3.6/bin:/usr/local/bin:/usr/bin:/bin:/usr/sbin:/sbin:/Applications/VMware Fusion.app/Contents/Public:/usr/local/go/bin:/opt/X11/bin:/Users/oceanlvr/.cargo/bin

Yarn version: 
  1.22.10

Node version: 
  14.18.1

Platform: 
  darwin x64

Trace: 
  Error: canceled
      at Interface.<anonymous> (/usr/local/Cellar/yarn/1.22.10/libexec/lib/cli.js:137009:13)
      at Interface.emit (events.js:400:28)
      at Interface._ttyWrite (readline.js:1001:16)
      at ReadStream.onkeypress (readline.js:265:10)
      at ReadStream.emit (events.js:400:28)
      at emitKeys (internal/readline/utils.js:358:14)
      at emitKeys.next (<anonymous>)
      at ReadStream.onData (readline.js:1270:36)
      at ReadStream.emit (events.js:400:28)
      at addChunk (internal/streams/readable.js:293:12)

npm manifest: 
  {
    "name": "electron-vite-boilerplate",
    "version": "1.0.0",
    "main": "dist/main/index.cjs",
    "author": "草鞋没号 <308487730@qq.com>",
    "license": "MIT",
    "engines": {
      "node": ">=14.17.0"
    },
    "scripts": {
      "dev": "node scripts/watch.mjs",
      "build": "node scripts/build.mjs && electron-builder",
      "init": "git config core.hooksPath .git/hooks/ && rm -rf .git/hooks && npx simple-git-hooks"
    },
    "dependencies": {
      "serialport": "^10.4.0",
      "sqlite3": "^5.0.2"
    },
    "devDependencies": {
      "@types/serialport": "^8.0.2",
      "@types/sqlite3": "^3.1.8",
      "electron": "^17.1.2",
      "electron-builder": "^22.14.13",
      "execa": "^6.1.0",
      "file-type": "^17.1.1",
      "move-file": "^3.0.0",
      "nano-staged": "^0.6.0",
      "node-fetch": "^3.2.3",
      "simple-git-hooks": "^2.7.0",
      "typescript": "^4.6.2",
      "vite": "^2.8.6",
      "vite-plugin-esmodule": "^1.2.0"
    },
    "env": {
      "VITE_DEV_SERVER_HOST": "127.0.0.1",
      "VITE_DEV_SERVER_PORT": 9999
    }
  }

yarn manifest: 
  No manifest

Lockfile: 
  No lockfile
